g1.size():88
g2.size():156
n2g1.size():522
n2g2.size():760
  '/tmp/gnl1N423RH' given '/tmp/WfC0A1XZRI"
HX_given_BestY(omFlipped, g1, g2, 0):29.794
HX_given_BestY(omFlipped, g1, g2, 1):38.094
HX_given_BestY(omFlipped, g1, g2, 2):53.623
HX_given_BestY(omFlipped, g1, g2, 3):46.005
HX_given_BestY(omFlipped, g1, g2, 4):46.005
HX_given_BestY(omFlipped, g1, g2, 5):46.005
HX_given_BestY(omFlipped, g1, g2, 6):38.094
HX_given_BestY(omFlipped, g1, g2, 7):60.999
HX_given_BestY(omFlipped, g1, g2, 8):75.152
HX_given_BestY(omFlipped, g1, g2, 9):38.094
HX_given_BestY(omFlipped, g1, g2, 10):38.094
HX_given_BestY(omFlipped, g1, g2, 11):53.623
HX_given_BestY(omFlipped, g1, g2, 12):46.005
HX_given_BestY(omFlipped, g1, g2, 13):81.976
HX_given_BestY(omFlipped, g1, g2, 14):60.999
HX_given_BestY(omFlipped, g1, g2, 15):138.045
HX_given_BestY(omFlipped, g1, g2, 16):46.005
HX_given_BestY(omFlipped, g1, g2, 17):38.094
HX_given_BestY(omFlipped, g1, g2, 18):21.042
HX_given_BestY(omFlipped, g1, g2, 19):60.999
HX_given_BestY(omFlipped, g1, g2, 20):114.139
HX_given_BestY(omFlipped, g1, g2, 21):38.094
HX_given_BestY(omFlipped, g1, g2, 22):46.005
HX_given_BestY(omFlipped, g1, g2, 23):53.623
HX_given_BestY(omFlipped, g1, g2, 24):60.999
HX_given_BestY(omFlipped, g1, g2, 25):38.094
HX_given_BestY(omFlipped, g1, g2, 26):46.005
HX_given_BestY(omFlipped, g1, g2, 27):95.198
HX_given_BestY(omFlipped, g1, g2, 28):46.005
HX_given_BestY(omFlipped, g1, g2, 29):120.248
HX_given_BestY(omFlipped, g1, g2, 30):88.653
HX_given_BestY(omFlipped, g1, g2, 31):138.045
HX_given_BestY(omFlipped, g1, g2, 32):68.167
HX_given_BestY(omFlipped, g1, g2, 33):38.094
HX_given_BestY(omFlipped, g1, g2, 34):38.094
HX_given_BestY(omFlipped, g1, g2, 35):53.623
HX_given_BestY(omFlipped, g1, g2, 36):38.094
HX_given_BestY(omFlipped, g1, g2, 37):38.094
HX_given_BestY(omFlipped, g1, g2, 38):88.653
HX_given_BestY(omFlipped, g1, g2, 39):60.999
HX_given_BestY(omFlipped, g1, g2, 40):53.623
HX_given_BestY(omFlipped, g1, g2, 41):38.094
HX_given_BestY(omFlipped, g1, g2, 42):95.450
HX_given_BestY(omFlipped, g1, g2, 43):53.623
HX_given_BestY(omFlipped, g1, g2, 44):468.040
HX_given_BestY(omFlipped, g1, g2, 45):60.999
HX_given_BestY(omFlipped, g1, g2, 46):53.623
HX_given_BestY(omFlipped, g1, g2, 47):46.005
HX_given_BestY(omFlipped, g1, g2, 48):11.522
HX_given_BestY(omFlipped, g1, g2, 49):46.005
HX_given_BestY(omFlipped, g1, g2, 50):120.248
HX_given_BestY(omFlipped, g1, g2, 51):114.139
HX_given_BestY(omFlipped, g1, g2, 52):60.999
HX_given_BestY(omFlipped, g1, g2, 53):29.782
HX_given_BestY(omFlipped, g1, g2, 54):38.094
HX_given_BestY(omFlipped, g1, g2, 55):38.094
HX_given_BestY(omFlipped, g1, g2, 56):101.622
HX_given_BestY(omFlipped, g1, g2, 57):38.094
HX_given_BestY(omFlipped, g1, g2, 58):60.999
HX_given_BestY(omFlipped, g1, g2, 59):138.045
HX_given_BestY(omFlipped, g1, g2, 60):38.094
HX_given_BestY(omFlipped, g1, g2, 61):46.005
HX_given_BestY(omFlipped, g1, g2, 62):95.198
HX_given_BestY(omFlipped, g1, g2, 63):68.167
HX_given_BestY(omFlipped, g1, g2, 64):81.976
HX_given_BestY(omFlipped, g1, g2, 65):101.622
HX_given_BestY(omFlipped, g1, g2, 66):46.005
HX_given_BestY(omFlipped, g1, g2, 67):68.167
HX_given_BestY(omFlipped, g1, g2, 68):143.817
HX_given_BestY(omFlipped, g1, g2, 69):53.623
HX_given_BestY(omFlipped, g1, g2, 70):46.005
HX_given_BestY(omFlipped, g1, g2, 71):81.976
HX_given_BestY(omFlipped, g1, g2, 72):46.005
HX_given_BestY(omFlipped, g1, g2, 73):107.933
HX_given_BestY(omFlipped, g1, g2, 74):95.198
HX_given_BestY(omFlipped, g1, g2, 75):60.999
HX_given_BestY(omFlipped, g1, g2, 76):46.005
HX_given_BestY(omFlipped, g1, g2, 77):132.196
HX_given_BestY(omFlipped, g1, g2, 78):35.303
HX_given_BestY(omFlipped, g1, g2, 79):114.139
HX_given_BestY(omFlipped, g1, g2, 80):68.167
HX_given_BestY(omFlipped, g1, g2, 81):38.094
HX_given_BestY(omFlipped, g1, g2, 82):46.005
HX_given_BestY(omFlipped, g1, g2, 83):114.139
HX_given_BestY(omFlipped, g1, g2, 84):53.623
HX_given_BestY(omFlipped, g1, g2, 85):38.094
HX_given_BestY(omFlipped, g1, g2, 86):68.167
HX_given_BestY(omFlipped, g1, g2, 87):171.639
HX_given_BestY(omFlipped, g1, g2, 88):46.005
HX_given_BestY(omFlipped, g1, g2, 89):126.265
HX_given_BestY(omFlipped, g1, g2, 90):60.999
HX_given_BestY(omFlipped, g1, g2, 91):60.999
HX_given_BestY(omFlipped, g1, g2, 92):38.094
HX_given_BestY(omFlipped, g1, g2, 93):38.094
HX_given_BestY(omFlipped, g1, g2, 94):75.152
HX_given_BestY(omFlipped, g1, g2, 95):274.693
HX_given_BestY(omFlipped, g1, g2, 96):46.005
HX_given_BestY(omFlipped, g1, g2, 97):107.933
HX_given_BestY(omFlipped, g1, g2, 98):107.933
HX_given_BestY(omFlipped, g1, g2, 99):171.639
HX_given_BestY(omFlipped, g1, g2, 100):38.094
HX_given_BestY(omFlipped, g1, g2, 101):227.954
HX_given_BestY(omFlipped, g1, g2, 102):68.167
HX_given_BestY(omFlipped, g1, g2, 103):46.005
HX_given_BestY(omFlipped, g1, g2, 104):101.622
HX_given_BestY(omFlipped, g1, g2, 105):149.516
HX_given_BestY(omFlipped, g1, g2, 106):53.623
HX_given_BestY(omFlipped, g1, g2, 107):120.248
HX_given_BestY(omFlipped, g1, g2, 108):75.152
HX_given_BestY(omFlipped, g1, g2, 109):60.999
HX_given_BestY(omFlipped, g1, g2, 110):21.913
HX_given_BestY(omFlipped, g1, g2, 111):60.999
HX_given_BestY(omFlipped, g1, g2, 112):46.005
HX_given_BestY(omFlipped, g1, g2, 113):46.005
HX_given_BestY(omFlipped, g1, g2, 114):75.152
HX_given_BestY(omFlipped, g1, g2, 115):75.152
HX_given_BestY(omFlipped, g1, g2, 116):46.005
HX_given_BestY(omFlipped, g1, g2, 117):46.005
HX_given_BestY(omFlipped, g1, g2, 118):256.434
HX_given_BestY(omFlipped, g1, g2, 119):53.623
HX_given_BestY(omFlipped, g1, g2, 120):60.999
HX_given_BestY(omFlipped, g1, g2, 121):95.198
HX_given_BestY(omFlipped, g1, g2, 122):46.005
HX_given_BestY(omFlipped, g1, g2, 123):53.623
HX_given_BestY(omFlipped, g1, g2, 124):46.005
HX_given_BestY(omFlipped, g1, g2, 125):38.094
HX_given_BestY(omFlipped, g1, g2, 126):60.999
HX_given_BestY(omFlipped, g1, g2, 127):38.094
HX_given_BestY(omFlipped, g1, g2, 128):120.248
HX_given_BestY(omFlipped, g1, g2, 129):101.622
HX_given_BestY(omFlipped, g1, g2, 130):95.198
HX_given_BestY(omFlipped, g1, g2, 131):126.265
HX_given_BestY(omFlipped, g1, g2, 132):60.999
HX_given_BestY(omFlipped, g1, g2, 133):75.152
HX_given_BestY(omFlipped, g1, g2, 134):46.005
HX_given_BestY(omFlipped, g1, g2, 135):88.653
HX_given_BestY(omFlipped, g1, g2, 136):53.623
HX_given_BestY(omFlipped, g1, g2, 137):38.094
HX_given_BestY(omFlipped, g1, g2, 138):68.167
HX_given_BestY(omFlipped, g1, g2, 139):46.005
HX_given_BestY(omFlipped, g1, g2, 140):101.622
HX_given_BestY(omFlipped, g1, g2, 141):101.622
HX_given_BestY(omFlipped, g1, g2, 142):53.623
HX_given_BestY(omFlipped, g1, g2, 143):3.900
HX_given_BestY(omFlipped, g1, g2, 144):38.094
HX_given_BestY(omFlipped, g1, g2, 145):53.623
HX_given_BestY(omFlipped, g1, g2, 146):53.623
HX_given_BestY(omFlipped, g1, g2, 147):81.976
HX_given_BestY(omFlipped, g1, g2, 148):38.094
HX_given_BestY(omFlipped, g1, g2, 149):46.005
HX_given_BestY(omFlipped, g1, g2, 150):75.152
HX_given_BestY(omFlipped, g1, g2, 151):46.005
HX_given_BestY(omFlipped, g1, g2, 152):81.976
HX_given_BestY(omFlipped, g1, g2, 153):46.005
HX_given_BestY(omFlipped, g1, g2, 154):46.005
HX_given_BestY(omFlipped, g1, g2, 155):46.005
  '/tmp/WfC0A1XZRI' given '/tmp/gnl1N423RH"
HX_given_BestY(om       , g2, g1, 0):46.005
HX_given_BestY(om       , g2, g1, 1):60.999
HX_given_BestY(om       , g2, g1, 2):29.818
HX_given_BestY(om       , g2, g1, 3):38.094
HX_given_BestY(om       , g2, g1, 4):38.094
HX_given_BestY(om       , g2, g1, 5):29.818
HX_given_BestY(om       , g2, g1, 6):29.818
HX_given_BestY(om       , g2, g1, 7):29.818
HX_given_BestY(om       , g2, g1, 8):29.818
HX_given_BestY(om       , g2, g1, 9):53.623
HX_given_BestY(om       , g2, g1, 10):9.735
HX_given_BestY(om       , g2, g1, 11):126.265
HX_given_BestY(om       , g2, g1, 12):60.999
HX_given_BestY(om       , g2, g1, 13):29.818
HX_given_BestY(om       , g2, g1, 14):29.818
HX_given_BestY(om       , g2, g1, 15):38.094
HX_given_BestY(om       , g2, g1, 16):116.848
HX_given_BestY(om       , g2, g1, 17):29.818
HX_given_BestY(om       , g2, g1, 18):81.976
HX_given_BestY(om       , g2, g1, 19):29.818
HX_given_BestY(om       , g2, g1, 20):53.623
HX_given_BestY(om       , g2, g1, 21):29.818
HX_given_BestY(om       , g2, g1, 22):38.094
HX_given_BestY(om       , g2, g1, 23):38.094
HX_given_BestY(om       , g2, g1, 24):38.094
HX_given_BestY(om       , g2, g1, 25):53.623
HX_given_BestY(om       , g2, g1, 26):143.817
HX_given_BestY(om       , g2, g1, 27):29.818
HX_given_BestY(om       , g2, g1, 28):81.976
HX_given_BestY(om       , g2, g1, 29):29.818
HX_given_BestY(om       , g2, g1, 30):29.818
HX_given_BestY(om       , g2, g1, 31):29.818
HX_given_BestY(om       , g2, g1, 32):4.855
HX_given_BestY(om       , g2, g1, 33):29.818
HX_given_BestY(om       , g2, g1, 34):46.005
HX_given_BestY(om       , g2, g1, 35):38.094
HX_given_BestY(om       , g2, g1, 36):53.623
HX_given_BestY(om       , g2, g1, 37):46.005
HX_given_BestY(om       , g2, g1, 38):38.094
HX_given_BestY(om       , g2, g1, 39):138.045
HX_given_BestY(om       , g2, g1, 40):38.094
HX_given_BestY(om       , g2, g1, 41):75.152
HX_given_BestY(om       , g2, g1, 42):38.094
HX_given_BestY(om       , g2, g1, 43):29.818
HX_given_BestY(om       , g2, g1, 44):132.196
HX_given_BestY(om       , g2, g1, 45):29.818
HX_given_BestY(om       , g2, g1, 46):38.094
HX_given_BestY(om       , g2, g1, 47):38.094
HX_given_BestY(om       , g2, g1, 48):38.094
HX_given_BestY(om       , g2, g1, 49):29.818
HX_given_BestY(om       , g2, g1, 50):29.818
HX_given_BestY(om       , g2, g1, 51):261.050
HX_given_BestY(om       , g2, g1, 52):29.818
HX_given_BestY(om       , g2, g1, 53):38.094
HX_given_BestY(om       , g2, g1, 54):29.818
HX_given_BestY(om       , g2, g1, 55):29.818
HX_given_BestY(om       , g2, g1, 56):8.265
HX_given_BestY(om       , g2, g1, 57):46.005
HX_given_BestY(om       , g2, g1, 58):60.999
HX_given_BestY(om       , g2, g1, 59):29.818
HX_given_BestY(om       , g2, g1, 60):53.623
HX_given_BestY(om       , g2, g1, 61):38.094
HX_given_BestY(om       , g2, g1, 62):29.818
HX_given_BestY(om       , g2, g1, 63):29.818
HX_given_BestY(om       , g2, g1, 64):38.094
HX_given_BestY(om       , g2, g1, 65):27.928
HX_given_BestY(om       , g2, g1, 66):38.094
HX_given_BestY(om       , g2, g1, 67):88.653
HX_given_BestY(om       , g2, g1, 68):29.818
HX_given_BestY(om       , g2, g1, 69):29.818
HX_given_BestY(om       , g2, g1, 70):68.167
HX_given_BestY(om       , g2, g1, 71):11.519
HX_given_BestY(om       , g2, g1, 72):38.094
HX_given_BestY(om       , g2, g1, 73):60.999
HX_given_BestY(om       , g2, g1, 74):46.005
HX_given_BestY(om       , g2, g1, 75):38.094
HX_given_BestY(om       , g2, g1, 76):29.818
HX_given_BestY(om       , g2, g1, 77):46.005
HX_given_BestY(om       , g2, g1, 78):29.818
HX_given_BestY(om       , g2, g1, 79):46.005
HX_given_BestY(om       , g2, g1, 80):3.245
HX_given_BestY(om       , g2, g1, 81):42.400
HX_given_BestY(om       , g2, g1, 82):60.999
HX_given_BestY(om       , g2, g1, 83):75.152
HX_given_BestY(om       , g2, g1, 84):29.818
HX_given_BestY(om       , g2, g1, 85):29.818
HX_given_BestY(om       , g2, g1, 86):29.818
HX_given_BestY(om       , g2, g1, 87):38.094
Here:
NMI<Max>:	0.0299728
Other measures:
  lfkNMI:	0.0477979
  NMI<Sum>:	0.0432905
