/tmp/ccsjeqQA.o: In function `boost::program_options::validation_error::validation_error(boost::program_options::validation_error::kind_t, std::string const&, std::string const&, int)':
HyperSpec.cpp:(.text._ZN5boost15program_options16validation_errorC2ENS1_6kind_tERKSsS4_i[_ZN5boost15program_options16validation_errorC5ENS1_6kind_tERKSsS4_i]+0x21): undefined reference to `boost::program_options::validation_error::get_template(boost::program_options::validation_error::kind_t)'
HyperSpec.cpp:(.text._ZN5boost15program_options16validation_errorC2ENS1_6kind_tERKSsS4_i[_ZN5boost15program_options16validation_errorC5ENS1_6kind_tERKSsS4_i]+0x39): undefined reference to `boost::program_options::error_with_option_name::error_with_option_name(std::string const&, std::string const&, std::string const&, int)'
/tmp/ccsjeqQA.o: In function `boost::program_options::error_with_option_name::~error_with_option_name()':
HyperSpec.cpp:(.text._ZN5boost15program_options22error_with_option_nameD2Ev[_ZN5boost15program_options22error_with_option_nameD5Ev]+0x12): undefined reference to `vtable for boost::program_options::error_with_option_name'
/tmp/ccsjeqQA.o: In function `boost::program_options::validation_error::~validation_error()':
HyperSpec.cpp:(.text._ZN5boost15program_options16validation_errorD2Ev[_ZN5boost15program_options16validation_errorD5Ev]+0x12): undefined reference to `vtable for boost::program_options::error_with_option_name'
/tmp/ccsjeqQA.o: In function `boost::program_options::invalid_option_value::~invalid_option_value()':
HyperSpec.cpp:(.text._ZN5boost15program_options20invalid_option_valueD2Ev[_ZN5boost15program_options20invalid_option_valueD5Ev]+0x12): undefined reference to `vtable for boost::program_options::error_with_option_name'
/tmp/ccsjeqQA.o: In function `boost::program_options::error_with_option_name::~error_with_option_name()':
HyperSpec.cpp:(.text._ZN5boost15program_options22error_with_option_nameD0Ev[_ZN5boost15program_options22error_with_option_nameD0Ev]+0x12): undefined reference to `vtable for boost::program_options::error_with_option_name'
/tmp/ccsjeqQA.o: In function `boost::program_options::validation_error::~validation_error()':
HyperSpec.cpp:(.text._ZN5boost15program_options16validation_errorD0Ev[_ZN5boost15program_options16validation_errorD0Ev]+0x12): undefined reference to `vtable for boost::program_options::error_with_option_name'
/tmp/ccsjeqQA.o:HyperSpec.cpp:(.text._ZN5boost15program_options20invalid_option_valueD0Ev[_ZN5boost15program_options20invalid_option_valueD0Ev]+0x12): more undefined references to `vtable for boost::program_options::error_with_option_name' follow
/tmp/ccsjeqQA.o: In function `boost::program_options::basic_command_line_parser<char>::run()':
HyperSpec.cpp:(.text._ZN5boost15program_options25basic_command_line_parserIcE3runEv[_ZN5boost15program_options25basic_command_line_parserIcE3runEv]+0x1d): undefined reference to `boost::program_options::detail::cmdline::get_canonical_option_prefix()'
/tmp/ccsjeqQA.o: In function `boost::program_options::error_with_option_name::error_with_option_name(boost::program_options::error_with_option_name const&)':
HyperSpec.cpp:(.text._ZN5boost15program_options22error_with_option_nameC2ERKS1_[_ZN5boost15program_options22error_with_option_nameC5ERKS1_]+0x2f): undefined reference to `vtable for boost::program_options::error_with_option_name'
/tmp/ccsjeqQA.o: In function `boost::exception_detail::error_info_injector<boost::program_options::validation_error>::error_info_injector(boost::exception_detail::error_info_injector<boost::program_options::validation_error> const&)':
HyperSpec.cpp:(.text._ZN5boost16exception_detail19error_info_injectorINS_15program_options16validation_errorEEC2ERKS4_[_ZN5boost16exception_detail19error_info_injectorINS_15program_options16validation_errorEEC5ERKS4_]+0x2f): undefined reference to `vtable for boost::program_options::error_with_option_name'
/tmp/ccsjeqQA.o: In function `boost::exception_detail::error_info_injector<boost::program_options::invalid_option_value>::error_info_injector(boost::exception_detail::error_info_injector<boost::program_options::invalid_option_value> const&)':
HyperSpec.cpp:(.text._ZN5boost16exception_detail19error_info_injectorINS_15program_options20invalid_option_valueEEC2ERKS4_[_ZN5boost16exception_detail19error_info_injectorINS_15program_options20invalid_option_valueEEC5ERKS4_]+0x2f): undefined reference to `vtable for boost::program_options::error_with_option_name'
/tmp/ccsjeqQA.o: In function `boost::exception_detail::clone_impl<boost::exception_detail::error_info_injector<boost::program_options::validation_error> >::clone() const':
HyperSpec.cpp:(.text._ZNK5boost16exception_detail10clone_implINS0_19error_info_injectorINS_15program_options16validation_errorEEEE5cloneEv[_ZNK5boost16exception_detail10clone_implINS0_19error_info_injectorINS_15program_options16validation_errorEEEE5cloneEv]+0x43): undefined reference to `vtable for boost::program_options::error_with_option_name'
/tmp/ccsjeqQA.o: In function `boost::exception_detail::clone_impl<boost::exception_detail::error_info_injector<boost::program_options::invalid_option_value> >::clone() const':
HyperSpec.cpp:(.text._ZNK5boost16exception_detail10clone_implINS0_19error_info_injectorINS_15program_options20invalid_option_valueEEEE5cloneEv[_ZNK5boost16exception_detail10clone_implINS0_19error_info_injectorINS_15program_options20invalid_option_valueEEEE5cloneEv]+0x43): undefined reference to `vtable for boost::program_options::error_with_option_name'
/tmp/ccsjeqQA.o:HyperSpec.cpp:(.text._ZN5boost15throw_exceptionINS_15program_options20invalid_option_valueEEEvRKT_[_ZN5boost15throw_exceptionINS_15program_options20invalid_option_valueEEEvRKT_]+0xa2): more undefined references to `vtable for boost::program_options::error_with_option_name' follow
/tmp/ccsjeqQA.o: In function `main':
HyperSpec.cpp:(.text.startup+0xb1): undefined reference to `boost::program_options::options_description::options_description(std::string const&, unsigned int, unsigned int)'
/tmp/ccsjeqQA.o:(.rodata._ZTVN5boost16exception_detail19error_info_injectorINS_15program_options20invalid_option_valueEEE[_ZTVN5boost16exception_detail19error_info_injectorINS_15program_options20invalid_option_valueEEE]+0x20): undefined reference to `boost::program_options::error_with_option_name::what() const'
/tmp/ccsjeqQA.o:(.rodata._ZTVN5boost16exception_detail19error_info_injectorINS_15program_options20invalid_option_valueEEE[_ZTVN5boost16exception_detail19error_info_injectorINS_15program_options20invalid_option_valueEEE]+0x30): undefined reference to `boost::program_options::error_with_option_name::substitute_placeholders(std::string const&) const'
/tmp/ccsjeqQA.o:(.rodata._ZTVN5boost16exception_detail10clone_implINS0_19error_info_injectorINS_15program_options20invalid_option_valueEEEEE[_ZTVN5boost16exception_detail10clone_implINS0_19error_info_injectorINS_15program_options20invalid_option_valueEEEEE]+0x28): undefined reference to `boost::program_options::error_with_option_name::what() const'
/tmp/ccsjeqQA.o:(.rodata._ZTVN5boost16exception_detail10clone_implINS0_19error_info_injectorINS_15program_options20invalid_option_valueEEEEE[_ZTVN5boost16exception_detail10clone_implINS0_19error_info_injectorINS_15program_options20invalid_option_valueEEEEE]+0x38): undefined reference to `boost::program_options::error_with_option_name::substitute_placeholders(std::string const&) const'
/tmp/ccsjeqQA.o:(.rodata._ZTVN5boost16exception_detail19error_info_injectorINS_15program_options16validation_errorEEE[_ZTVN5boost16exception_detail19error_info_injectorINS_15program_options16validation_errorEEE]+0x20): undefined reference to `boost::program_options::error_with_option_name::what() const'
/tmp/ccsjeqQA.o:(.rodata._ZTVN5boost16exception_detail19error_info_injectorINS_15program_options16validation_errorEEE[_ZTVN5boost16exception_detail19error_info_injectorINS_15program_options16validation_errorEEE]+0x30): undefined reference to `boost::program_options::error_with_option_name::substitute_placeholders(std::string const&) const'
/tmp/ccsjeqQA.o:(.rodata._ZTVN5boost16exception_detail10clone_implINS0_19error_info_injectorINS_15program_options16validation_errorEEEEE[_ZTVN5boost16exception_detail10clone_implINS0_19error_info_injectorINS_15program_options16validation_errorEEEEE]+0x28): undefined reference to `boost::program_options::error_with_option_name::what() const'
/tmp/ccsjeqQA.o:(.rodata._ZTVN5boost16exception_detail10clone_implINS0_19error_info_injectorINS_15program_options16validation_errorEEEEE[_ZTVN5boost16exception_detail10clone_implINS0_19error_info_injectorINS_15program_options16validation_errorEEEEE]+0x38): undefined reference to `boost::program_options::error_with_option_name::substitute_placeholders(std::string const&) const'
/tmp/ccsjeqQA.o:(.rodata._ZTIN5boost15program_options16validation_errorE[_ZTIN5boost15program_options16validation_errorE]+0x10): undefined reference to `typeinfo for boost::program_options::error_with_option_name'
/tmp/ccsjeqQA.o:(.rodata._ZTVN5boost15program_options16validation_errorE[_ZTVN5boost15program_options16validation_errorE]+0x20): undefined reference to `boost::program_options::error_with_option_name::what() const'
/tmp/ccsjeqQA.o:(.rodata._ZTVN5boost15program_options16validation_errorE[_ZTVN5boost15program_options16validation_errorE]+0x30): undefined reference to `boost::program_options::error_with_option_name::substitute_placeholders(std::string const&) const'
/tmp/ccsjeqQA.o:(.rodata._ZTVN5boost15program_options20invalid_option_valueE[_ZTVN5boost15program_options20invalid_option_valueE]+0x20): undefined reference to `boost::program_options::error_with_option_name::what() const'
/tmp/ccsjeqQA.o:(.rodata._ZTVN5boost15program_options20invalid_option_valueE[_ZTVN5boost15program_options20invalid_option_valueE]+0x30): undefined reference to `boost::program_options::error_with_option_name::substitute_placeholders(std::string const&) const'
collect2: error: ld returned 1 exit status
make: *** [hyperspec] Error 1
